<?xml version='1.0' encoding='utf-8'?>
<testsuites name="cocotb tests"><testsuite name="test_async_fifo" errors="0" failures="0" skipped="0" tests="8" time="0.496" timestamp="2026-09-13T04:48:36.114645+00:00" hostname="MacBook-Air-2.local"><testcase classname="test_async_fifo" name="test_reset_behavior" time="0.003"><properties><property name="cocotb" value="True" /><property name="random_seed" value="42" /><property name="file" value="/Users/navyathag/fifo-verification-build/verif/test_async_fifo.py" /><property name="line" value="94" /><property name="sim_time_unit" value="ns" /><property name="sim_time_start" value="0.0" /><property name="sim_time_stop" value="140.0" /><property name="sim_time_duration" value="140.0" /><property name="sim_time_ratio" value="51960.102101125085" /></properties></testcase><testcase classname="test_async_fifo" name="test_single_write_read" time="0.001"><properties><property name="cocotb" value="True" /><property name="random_seed" value="42" /><property name="file" value="/Users/navyathag/fifo-verification-build/verif/test_async_fifo.py" /><property name="line" value="117" /><property name="sim_time_unit" value="ns" /><property name="sim_time_start" value="140.001" /><property name="sim_time_stop" value="257.001" /><property name="sim_time_duration" value="116.99999999999997" /><property name="sim_time_ratio" value="203803.30017409075" /></properties></testcase><testcase classname="test_async_fifo" name="test_fill_to_full" time="0.001"><properties><property name="cocotb" value="True" /><property name="random_seed" value="42" /><property name="file" value="/Users/navyathag/fifo-verification-build/verif/test_async_fifo.py" /><property name="line" value="150" /><property name="sim_time_unit" value="ns" /><property name="sim_time_start" value="257.002" /><property name="sim_time_stop" value="477.002" /><property name="sim_time_duration" value="220.0" /><property name="sim_time_ratio" value="277850.768717982" /></properties></testcase><testcase classname="test_async_fifo" name="test_push_when_full" time="0.001"><properties><property name="cocotb" value="True" /><property name="random_seed" value="42" /><property name="file" value="/Users/navyathag/fifo-verification-build/verif/test_async_fifo.py" /><property name="line" value="173" /><property name="sim_time_unit" value="ns" /><property name="sim_time_start" value="477.003" /><property name="sim_time_stop" value="717.003" /><property name="sim_time_duration" value="240.00000000000006" /><property name="sim_time_ratio" value="242301.87382012693" /></properties></testcase><testcase classname="test_async_fifo" name="test_pop_when_empty" time="0.000"><properties><property name="cocotb" value="True" /><property name="random_seed" value="42" /><property name="file" value="/Users/navyathag/fifo-verification-build/verif/test_async_fifo.py" /><property name="line" value="207" /><property name="sim_time_unit" value="ns" /><property name="sim_time_start" value="717.004" /><property name="sim_time_stop" value="837.004" /><property name="sim_time_duration" value="120.0" /><property name="sim_time_ratio" value="253990.85079944402" /></properties></testcase><testcase classname="test_async_fifo" name="test_boundary_depth_minus_one_and_plus_one" time="0.001"><properties><property name="cocotb" value="True" /><property name="random_seed" value="42" /><property name="file" value="/Users/navyathag/fifo-verification-build/verif/test_async_fifo.py" /><property name="line" value="243" /><property name="sim_time_unit" value="ns" /><property name="sim_time_start" value="837.005" /><property name="sim_time_stop" value="1227.005" /><property name="sim_time_duration" value="390.0000000000001" /><property name="sim_time_ratio" value="303334.80598775035" /></properties></testcase><testcase classname="test_async_fifo" name="test_simultaneous_dual_domain_reset_mid_stream" time="0.001"><properties><property name="cocotb" value="True" /><property name="random_seed" value="42" /><property name="file" value="/Users/navyathag/fifo-verification-build/verif/test_async_fifo.py" /><property name="line" value="280" /><property name="sim_time_unit" value="ns" /><property name="sim_time_start" value="1227.006" /><property name="sim_time_stop" value="1474.006" /><property name="sim_time_duration" value="247.0" /><property name="sim_time_ratio" value="206327.6489521868" /></properties></testcase><testcase classname="test_async_fifo" name="test_random_data_integrity" time="0.488"><properties><property name="cocotb" value="True" /><property name="random_seed" value="42" /><property name="file" value="/Users/navyathag/fifo-verification-build/verif/test_async_fifo.py" /><property name="line" value="420" /><property name="sim_time_unit" value="ns" /><property name="sim_time_start" value="1474.007" /><property name="sim_time_stop" value="98568.007" /><property name="sim_time_duration" value="97094.0" /><property name="sim_time_ratio" value="198950.47654782544" /></properties></testcase></testsuite></testsuites>