<?xml version='1.0' encoding='utf-8'?>
<testsuites name="cocotb tests"><testsuite name="test_sync_fifo" errors="0" failures="0" skipped="0" tests="10" time="0.165" timestamp="2026-09-13T04:49:14.875539+00:00" hostname="MacBook-Air-2.local"><testcase classname="test_sync_fifo" name="test_reset_behavior" time="0.003"><properties><property name="cocotb" value="True" /><property name="random_seed" value="42" /><property name="file" value="/Users/navyathag/fifo-verification-build/verif/test_sync_fifo.py" /><property name="line" value="77" /><property name="sim_time_unit" value="ns" /><property name="sim_time_start" value="0.0" /><property name="sim_time_stop" value="80.0" /><property name="sim_time_duration" value="80.0" /><property name="sim_time_ratio" value="28120.74364055916" /></properties></testcase><testcase classname="test_sync_fifo" name="test_single_write_read" time="0.000"><properties><property name="cocotb" value="True" /><property name="random_seed" value="42" /><property name="file" value="/Users/navyathag/fifo-verification-build/verif/test_sync_fifo.py" /><property name="line" value="100" /><property name="sim_time_unit" value="ns" /><property name="sim_time_start" value="80.001" /><property name="sim_time_stop" value="130.001" /><property name="sim_time_duration" value="50.0" /><property name="sim_time_ratio" value="170188.43692518864" /></properties></testcase><testcase classname="test_sync_fifo" name="test_fill_to_full" time="0.000"><properties><property name="cocotb" value="True" /><property name="random_seed" value="42" /><property name="file" value="/Users/navyathag/fifo-verification-build/verif/test_sync_fifo.py" /><property name="line" value="124" /><property name="sim_time_unit" value="ns" /><property name="sim_time_start" value="130.002" /><property name="sim_time_stop" value="320.002" /><property name="sim_time_duration" value="190.0" /><property name="sim_time_ratio" value="397836.5804465525" /></properties></testcase><testcase classname="test_sync_fifo" name="test_push_when_full" time="0.000"><properties><property name="cocotb" value="True" /><property name="random_seed" value="42" /><property name="file" value="/Users/navyathag/fifo-verification-build/verif/test_sync_fifo.py" /><property name="line" value="144" /><property name="sim_time_unit" value="ns" /><property name="sim_time_start" value="320.003" /><property name="sim_time_stop" value="530.003" /><property name="sim_time_duration" value="210.00000000000006" /><property name="sim_time_ratio" value="433399.80441000103" /></properties></testcase><testcase classname="test_sync_fifo" name="test_pop_when_empty" time="0.000"><properties><property name="cocotb" value="True" /><property name="random_seed" value="42" /><property name="file" value="/Users/navyathag/fifo-verification-build/verif/test_sync_fifo.py" /><property name="line" value="176" /><property name="sim_time_unit" value="ns" /><property name="sim_time_start" value="530.004" /><property name="sim_time_stop" value="590.004" /><property name="sim_time_duration" value="60.0" /><property name="sim_time_ratio" value="324252.48068248306" /></properties></testcase><testcase classname="test_sync_fifo" name="test_simultaneous_push_pop" time="0.000"><properties><property name="cocotb" value="True" /><property name="random_seed" value="42" /><property name="file" value="/Users/navyathag/fifo-verification-build/verif/test_sync_fifo.py" /><property name="line" value="207" /><property name="sim_time_unit" value="ns" /><property name="sim_time_start" value="590.005" /><property name="sim_time_stop" value="650.005" /><property name="sim_time_duration" value="60.0" /><property name="sim_time_ratio" value="317391.4311789882" /></properties></testcase><testcase classname="test_sync_fifo" name="test_reset_mid_transaction" time="0.001"><properties><property name="cocotb" value="True" /><property name="random_seed" value="42" /><property name="file" value="/Users/navyathag/fifo-verification-build/verif/test_sync_fifo.py" /><property name="line" value="247" /><property name="sim_time_unit" value="ns" /><property name="sim_time_start" value="650.006" /><property name="sim_time_stop" value="810.006" /><property name="sim_time_duration" value="160.0" /><property name="sim_time_ratio" value="271397.13019045535" /></properties></testcase><testcase classname="test_sync_fifo" name="test_back_to_back_single_cycle" time="0.002"><properties><property name="cocotb" value="True" /><property name="random_seed" value="42" /><property name="file" value="/Users/navyathag/fifo-verification-build/verif/test_sync_fifo.py" /><property name="line" value="286" /><property name="sim_time_unit" value="ns" /><property name="sim_time_start" value="810.007" /><property name="sim_time_stop" value="1490.007" /><property name="sim_time_duration" value="680.0000000000001" /><property name="sim_time_ratio" value="382631.4650654525" /></properties></testcase><testcase classname="test_sync_fifo" name="test_boundary_depth_minus_one_and_plus_one" time="0.001"><properties><property name="cocotb" value="True" /><property name="random_seed" value="42" /><property name="file" value="/Users/navyathag/fifo-verification-build/verif/test_sync_fifo.py" /><property name="line" value="318" /><property name="sim_time_unit" value="ns" /><property name="sim_time_start" value="1490.008" /><property name="sim_time_stop" value="1850.008" /><property name="sim_time_duration" value="360.0" /><property name="sim_time_ratio" value="464391.49340755487" /></properties></testcase><testcase classname="test_sync_fifo" name="test_random_traffic" time="0.157"><properties><property name="cocotb" value="True" /><property name="random_seed" value="42" /><property name="file" value="/Users/navyathag/fifo-verification-build/verif/test_sync_fifo.py" /><property name="line" value="358" /><property name="sim_time_unit" value="ns" /><property name="sim_time_start" value="1850.009" /><property name="sim_time_stop" value="51880.009" /><property name="sim_time_duration" value="50030.0" /><property name="sim_time_ratio" value="318143.5790948987" /></properties></testcase></testsuite></testsuites>